<?xml version="1.0" encoding="UTF-8"?>
<!-- Generated by org.testng.reporters.JUnitReportReporter -->
<testsuite hostname="DESKTOP-H893IJR" failures="0" tests="1" name="FunctionalTesting.Get_Req_AnotherWay" time="0.960" errors="0" timestamp="2022-11-14T15:31:17 IST" skipped="0">
  <testcase classname="FunctionalTesting.Get_Req_AnotherWay" name="getRes" time="0.960"/>
  <system-out/>
</testsuite> <!-- FunctionalTesting.Get_Req_AnotherWay -->
