<?xml version="1.0" encoding="UTF-8"?>
<!-- Generated by org.testng.reporters.JUnitReportReporter -->
<testsuite hostname="DESKTOP-H893IJR" failures="0" tests="1" name="FunctionalTesting.Get_Request_Automation" time="0.993" errors="0" timestamp="2022-11-14T11:23:43 IST" skipped="0">
  <testcase classname="FunctionalTesting.Get_Request_Automation" name="get" time="0.993"/>
  <system-out/>
</testsuite> <!-- FunctionalTesting.Get_Request_Automation -->
