<?xml version="1.0" encoding="UTF-8"?>
<!-- Generated by org.testng.reporters.JUnitReportReporter -->
<testsuite hostname="DESKTOP-H893IJR" failures="0" tests="1" name="FunctionalTesting.Post_Request" time="1.315" errors="0" timestamp="2022-11-14T15:41:50 IST" skipped="0">
  <testcase classname="FunctionalTesting.Post_Request" name="postAutomate" time="1.315"/>
  <system-out/>
</testsuite> <!-- FunctionalTesting.Post_Request -->
