<?xml version="1.0" encoding="UTF-8"?>
<!-- Generated by org.testng.reporters.JUnitReportReporter -->
<testsuite hostname="DESKTOP-H893IJR" failures="0" tests="1" name="FunctionalTesting.Post_Req_AnotherWay" time="1.311" errors="0" timestamp="2022-11-14T15:47:34 IST" skipped="0">
  <testcase classname="FunctionalTesting.Post_Req_AnotherWay" name="postAuto" time="1.311"/>
  <system-out/>
</testsuite> <!-- FunctionalTesting.Post_Req_AnotherWay -->
